<?xml version="1.0" encoding="UTF-8"?>
<!-- Generated by org.testng.reporters.JUnitReportReporter -->
<testsuite hostname="LAPTOP-088GH95J" failures="0" tests="1" name="seleniumPractice.robotclass" time="1.714" errors="0" timestamp="2022-06-08T18:57:19 EDT" skipped="0">
  <testcase classname="seleniumPractice.robotclass" name="uploadImage" time="1.714"/>
  <system-out/>
</testsuite> <!-- seleniumPractice.robotclass -->
